03/08/2022 10:17:28 AM: INFO: ***************** DEBUT - Test_001_Login ****************
03/08/2022 10:17:28 AM: INFO: ***************** vérification du titre de la page d'accueil ****************
03/08/2022 10:17:30 AM: INFO: ***************** Test titre de la page OK ****************
03/08/2022 10:17:45 AM: INFO: ***************** FIN - Test_001_Login ****************
03/08/2022 10:22:01 AM: INFO: ***************** DEBUT - Test_001_Login ****************
03/08/2022 10:22:01 AM: INFO: ***************** vérification du titre de la page d'accueil ****************
03/08/2022 10:22:19 AM: INFO: ***************** Pass OK ****************
03/08/2022 10:22:32 AM: INFO: ***************** Pass OK - FAUX COMPTE ****************
03/08/2022 10:22:45 AM: INFO: ***************** Pass OK ****************
03/08/2022 10:22:58 AM: INFO: ***************** Pass OK ****************
03/08/2022 10:23:00 AM: INFO: ***************** TOUT BA BENNE ****************
03/08/2022 10:23:02 AM: INFO: ***************** FIN - Test_001_Login ****************
03/08/2022 10:24:44 AM: INFO: ***************** DEBUT - Test_001_Login ****************
03/08/2022 10:24:44 AM: INFO: ***************** vérification du titre de la page d'accueil ****************
03/08/2022 10:24:44 AM: INFO: ***************** DEBUT - Test_001_Login ****************
03/08/2022 10:24:44 AM: INFO: ***************** vérification du titre de la page d'accueil ****************
03/08/2022 10:25:04 AM: INFO: ***************** Pass OK ****************
03/08/2022 10:25:17 AM: INFO: ***************** Pass OK - FAUX COMPTE ****************
03/08/2022 10:25:30 AM: INFO: ***************** Pass OK ****************
03/08/2022 10:25:43 AM: INFO: ***************** Pass OK ****************
03/08/2022 10:25:57 AM: INFO: ***************** Pass OK ****************
03/08/2022 10:25:59 AM: INFO: ***************** TOUT BA BENNE ****************
03/08/2022 10:26:01 AM: INFO: ***************** FIN - Test_001_Login ****************
03/08/2022 10:30:16 AM: INFO: ***************** DEBUT - Test_001_Login ****************
03/08/2022 10:30:16 AM: INFO: ***************** vérification du titre de la page d'accueil ****************
03/08/2022 10:30:19 AM: INFO: ***************** Test titre de la page OK ****************
03/08/2022 10:30:33 AM: INFO: ***************** FIN - Test_001_Login ****************
03/08/2022 10:31:31 AM: INFO: ***************** DEBUT - Test_001_Login ****************
03/08/2022 10:31:31 AM: INFO: ***************** vérification du titre de la page d'accueil ****************
03/08/2022 10:31:34 AM: INFO: ***************** Test titre de la page OK ****************
03/08/2022 10:31:49 AM: INFO: ***************** FIN - Test_001_Login ****************
03/08/2022 11:50:37 AM: INFO: ***************** DEBUT - Test_001_Login ****************
03/08/2022 11:50:37 AM: INFO: ***************** vérification du titre de la page d'accueil ****************
03/08/2022 11:50:40 AM: INFO: ***************** Test titre de la page OK ****************
03/08/2022 11:54:38 AM: INFO: ***************** DEBUT - Test_001_Login ****************
03/08/2022 11:54:38 AM: INFO: ***************** vérification du titre de la page d'accueil ****************
03/08/2022 11:54:59 AM: INFO: ***************** Fail KO ****************
03/08/2022 11:55:12 AM: INFO: ***************** Pass OK - FAUX COMPTE ****************
03/08/2022 11:55:24 AM: INFO: ***************** Fail KO ****************
03/08/2022 11:55:37 AM: INFO: ***************** Fail KO ****************
03/08/2022 11:55:50 AM: INFO: ***************** Fail KO ****************
03/08/2022 11:56:03 AM: INFO: ***************** Fail KO ****************
03/08/2022 11:56:05 AM: ERROR: ***************** ko total ****************
03/08/2022 12:05:17 PM: INFO: ***************** DEBUT - Test_001_Login ****************
03/08/2022 12:05:17 PM: INFO: ***************** vérification du titre de la page d'accueil ****************
03/08/2022 12:05:37 PM: INFO: ***************** Pass OK ****************
03/08/2022 12:05:50 PM: INFO: ***************** Pass OK - FAUX COMPTE ****************
03/08/2022 12:06:03 PM: INFO: ***************** Pass OK ****************
03/08/2022 12:06:16 PM: INFO: ***************** Pass OK ****************
03/08/2022 12:06:30 PM: INFO: ***************** Pass OK ****************
03/08/2022 12:06:43 PM: INFO: ***************** Pass OK ****************
03/08/2022 12:06:45 PM: INFO: ***************** TOUT BA BENNE ****************
03/08/2022 12:06:47 PM: INFO: ***************** FIN - Test_001_Login ****************
03/09/2022 10:33:12 AM: INFO: ***************** DEBUT - Test_001_Login ****************
03/09/2022 10:33:12 AM: INFO: ***************** vérification du titre de la page d'accueil ****************
03/09/2022 10:33:12 AM: INFO: ***************** DEBUT - Test_001_Login ****************
03/09/2022 10:33:12 AM: INFO: ***************** vérification du titre de la page d'accueil ****************
03/09/2022 10:33:12 AM: INFO: ***************** DEBUT - Test_002_Login ****************
03/09/2022 10:33:12 AM: INFO: ***************** vérification du titre de la page d'accueil ****************
03/09/2022 07:06:22 PM: INFO: ***************** DEBUT - Test_001_Login ****************
03/09/2022 07:06:22 PM: INFO: ***************** vérification du titre de la page d'accueil ****************
03/09/2022 07:07:04 PM: INFO: ***************** DEBUT - Test_001_Login ****************
03/09/2022 07:07:04 PM: INFO: ***************** vérification du titre de la page d'accueil ****************
03/09/2022 07:07:42 PM: INFO: ***************** DEBUT - Test_001_Login ****************
03/09/2022 07:07:42 PM: INFO: ***************** vérification du titre de la page d'accueil ****************
03/09/2022 07:08:02 PM: INFO: ***************** Pass OK ****************
03/09/2022 07:08:15 PM: INFO: ***************** Pass OK - FAUX COMPTE ****************
03/09/2022 07:08:28 PM: INFO: ***************** Pass OK ****************
03/09/2022 07:08:41 PM: INFO: ***************** Pass OK ****************
03/10/2022 10:08:18 AM: INFO: ***************** DEBUT - Test_001_Login ****************
03/10/2022 10:08:18 AM: INFO: ***************** vérification du titre de la page d'accueil ****************
03/10/2022 10:08:37 AM: INFO: ***************** Pass OK ****************
03/10/2022 10:08:50 AM: INFO: ***************** Pass OK - FAUX COMPTE ****************
03/10/2022 10:09:03 AM: INFO: ***************** Pass OK ****************
03/10/2022 10:09:16 AM: INFO: ***************** Pass OK ****************
03/10/2022 10:09:30 AM: INFO: ***************** Pass OK ****************
03/10/2022 10:09:43 AM: INFO: ***************** Pass OK ****************
03/10/2022 10:09:57 AM: INFO: ***************** Pass OK ****************
03/10/2022 10:10:11 AM: INFO: ***************** Pass OK ****************
03/10/2022 10:10:24 AM: INFO: ***************** Pass OK ****************
03/10/2022 10:10:26 AM: INFO: ***************** TOUT BA BENNE ****************
03/10/2022 10:10:28 AM: INFO: ***************** FIN - Test_001_Login ****************
03/10/2022 10:23:06 AM: INFO: ***************** DEBUT - Test_001_Login ****************
03/10/2022 10:23:06 AM: INFO: ***************** vérification du titre de la page d'accueil ****************
03/10/2022 10:23:25 AM: INFO: ***************** Pass OK ****************
03/10/2022 10:23:38 AM: INFO: ***************** Pass OK - FAUX COMPTE ****************
03/10/2022 10:23:51 AM: INFO: ***************** Pass OK ****************
03/10/2022 10:24:04 AM: INFO: ***************** Pass OK ****************
03/10/2022 10:24:18 AM: INFO: ***************** Pass OK ****************
03/10/2022 10:24:31 AM: INFO: ***************** Pass OK ****************
03/10/2022 10:24:45 AM: INFO: ***************** Pass OK ****************
03/10/2022 10:24:58 AM: INFO: ***************** Pass OK ****************
03/10/2022 10:25:12 AM: INFO: ***************** Pass OK ****************
03/10/2022 10:25:26 AM: INFO: ***************** Pass OK ****************
03/10/2022 10:25:28 AM: INFO: ***************** TOUT BA BENNE ****************
03/10/2022 10:25:30 AM: INFO: ***************** FIN - Test_001_Login ****************
03/10/2022 10:33:07 AM: INFO: ***************** DEBUT - Test_001_Login ****************
03/10/2022 10:33:07 AM: INFO: ***************** vérification du titre de la page d'accueil ****************
03/10/2022 10:33:26 AM: INFO: ***************** Pass OK ****************
03/10/2022 10:33:39 AM: INFO: ***************** Fail KO ****************
03/10/2022 10:33:53 AM: INFO: ***************** Pass OK ****************
03/10/2022 10:47:13 AM: INFO: ***************** DEBUT - Test_001_Login ****************
03/10/2022 10:47:13 AM: INFO: ***************** vérification du titre de la page d'accueil ****************
03/10/2022 10:47:32 AM: INFO: ***************** Pass OK ****************
03/10/2022 10:47:46 AM: ERROR: ***************** Fail KO ****************
03/10/2022 10:47:59 AM: INFO: ***************** Pass OK ****************
03/10/2022 10:48:07 AM: INFO: ***************** DEBUT - Test_SOUSCRIPTION_NEW_USER ***************
03/10/2022 10:48:19 AM: INFO: ***************** FIN - Test_SOUSCRIPTION_NEW_USER ***************
03/10/2022 11:13:03 AM: INFO: ***************** DEBUT - Test_001_Login ****************
03/10/2022 11:13:03 AM: INFO: ***************** vérification du titre de la page d'accueil ****************
03/10/2022 11:13:23 AM: INFO: ***************** Pass OK ****************
03/10/2022 11:13:36 AM: ERROR: ***************** Fail KO ****************
03/10/2022 11:13:50 AM: INFO: ***************** Pass OK ****************
03/10/2022 11:13:58 AM: INFO: ***************** DEBUT - Test_SOUSCRIPTION_NEW_USER ***************
03/10/2022 11:14:10 AM: INFO: ***************** FIN - Test_SOUSCRIPTION_NEW_USER ***************
03/10/2022 11:20:25 AM: INFO: ***************** DEBUT - Test_001_Login ****************
03/10/2022 11:20:25 AM: INFO: ***************** vérification du titre de la page d'accueil ****************
03/10/2022 11:20:43 AM: INFO: ***************** Pass OK ****************
03/10/2022 11:20:57 AM: INFO: ***************** Pass OK - FAUX COMPTE ****************
03/10/2022 11:21:09 AM: INFO: ***************** Pass OK ****************
03/10/2022 11:21:13 AM: INFO: ***************** FIN - Test_001_Login ****************
03/10/2022 11:21:15 AM: INFO: ***************** DEBUT - Test_SOUSCRIPTION_NEW_USER ***************
03/10/2022 11:21:27 AM: INFO: ***************** FIN - Test_SOUSCRIPTION_NEW_USER ***************
03/11/2022 11:50:14 AM: INFO: ***************** DEBUT - Test_001_Login ****************
03/11/2022 11:50:14 AM: INFO: ***************** vérification du titre de la page d'accueil ****************
03/11/2022 11:50:33 AM: INFO: ***************** Pass OK ****************
03/11/2022 11:50:46 AM: INFO: ***************** Pass OK - FAUX COMPTE ****************
03/11/2022 11:50:59 AM: ERROR: ***************** Fail KO ****************
03/11/2022 11:51:07 AM: INFO: ***************** DEBUT - Test_SOUSCRIPTION_NEW_USER ***************
03/11/2022 11:51:19 AM: INFO: ***************** FIN - Test_SOUSCRIPTION_NEW_USER ***************
03/11/2022 12:04:39 PM: INFO: ***************** DEBUT - Test_001_Login ****************
03/11/2022 12:04:39 PM: INFO: ***************** vérification du titre de la page d'accueil ****************
03/11/2022 12:04:42 PM: INFO: ***************** Test titre de la page OK ****************
03/11/2022 12:04:57 PM: INFO: ***************** FIN - Test_001_Login ****************
03/11/2022 12:10:52 PM: INFO: ***************** DEBUT - Test_001_Login ****************
03/11/2022 12:10:52 PM: INFO: ***************** vérification du titre de la page d'accueil ****************
03/11/2022 12:10:55 PM: INFO: ***************** Test titre de la page OK ****************
03/11/2022 12:13:38 PM: INFO: ***************** DEBUT - Test_001_Login ****************
03/11/2022 12:13:38 PM: INFO: ***************** vérification du titre de la page d'accueil ****************
03/11/2022 12:13:40 PM: INFO: ***************** Test titre de la page OK ****************
03/11/2022 12:14:31 PM: INFO: ***************** DEBUT - Test_001_Login ****************
03/11/2022 12:14:31 PM: INFO: ***************** vérification du titre de la page d'accueil ****************
03/11/2022 12:14:34 PM: INFO: ***************** Test titre de la page OK ****************
03/11/2022 12:16:27 PM: INFO: ***************** DEBUT - Test_001_Login ****************
03/11/2022 12:16:27 PM: INFO: ***************** vérification du titre de la page d'accueil ****************
03/11/2022 12:16:29 PM: INFO: ***************** Test titre de la page OK ****************
03/11/2022 12:16:44 PM: INFO: ***************** FIN - Test_001_Login ****************
03/11/2022 02:49:46 PM: INFO: ***************** DEBUT - Test_001_Login ****************
03/11/2022 02:49:46 PM: INFO: ***************** vérification du titre de la page d'accueil ****************
03/11/2022 02:50:05 PM: INFO: ***************** Pass OK ****************
03/11/2022 02:50:18 PM: INFO: ***************** Pass OK - FAUX COMPTE ****************
03/11/2022 02:50:31 PM: INFO: ***************** Pass OK ****************
03/11/2022 02:50:44 PM: INFO: ***************** Pass OK ****************
03/11/2022 02:50:58 PM: INFO: ***************** Pass OK ****************
03/11/2022 02:51:02 PM: INFO: ***************** FIN - Test_001_Login ****************
03/11/2022 02:51:04 PM: INFO: ***************** DEBUT - Test_SOUSCRIPTION_NEW_USER ***************
03/11/2022 02:51:15 PM: INFO: ***************** FIN - Test_SOUSCRIPTION_NEW_USER ***************
03/11/2022 03:57:09 PM: INFO: ***************** DEBUT - Test_001_Login ****************
03/11/2022 03:57:09 PM: INFO: ***************** vérification du titre de la page d'accueil ****************
03/11/2022 03:57:28 PM: INFO: ***************** Pass OK ****************
03/11/2022 03:57:42 PM: INFO: ***************** Pass OK - FAUX COMPTE ****************
03/11/2022 03:57:54 PM: INFO: ***************** Pass OK ****************
03/11/2022 03:58:08 PM: INFO: ***************** Pass OK ****************
03/11/2022 03:58:21 PM: INFO: ***************** Pass OK ****************
03/11/2022 03:58:35 PM: INFO: ***************** Pass OK ****************
03/11/2022 03:58:39 PM: INFO: ***************** FIN - Test_001_Login ****************
03/11/2022 03:58:41 PM: INFO: ***************** DEBUT - Test_SOUSCRIPTION_NEW_USER ***************
03/11/2022 03:58:53 PM: INFO: ***************** FIN - Test_SOUSCRIPTION_NEW_USER ***************
